# JRE version: OpenJDK Runtime Environment (8.0_152-b01) (build 1.8.0_152-release-915-b01)
# Java VM: OpenJDK 64-Bit Server VM (25.152-b01 mixed mode linux-amd64 compressed oops)
Heap:
 PSYoungGen      total 364544K, used 40198K [0x00000000e0000000, 0x00000000fb280000, 0x0000000100000000)
  eden space 289792K, 0% used [0x00000000e0000000,0x00000000e0000000,0x00000000f1b00000)
  from space 74752K, 53% used [0x00000000f1b00000,0x00000000f4241af0,0x00000000f6400000)
  to   space 69632K, 0% used [0x00000000f6400000,0x00000000f6400000,0x00000000fa800000)
 ParOldGen       total 204288K, used 143852K [0x00000000a0000000, 0x00000000ac780000, 0x00000000e0000000)
  object space 204288K, 70% used [0x00000000a0000000,0x00000000a8c7b310,0x00000000ac780000)
 Metaspace       used 107872K, capacity 120120K, committed 120408K, reserved 1153024K
  class space    used 13694K, capacity 16689K, committed 16768K, reserved 1048576K
GC Heap History (10 events):
Event: 14182.885 GC heap after
Heap after GC invocations=72 (full 4):
 PSYoungGen      total 287232K, used 44047K [0x00000000e0000000, 0x00000000f5d00000, 0x0000000100000000)
  eden space 224768K, 0% used [0x00000000e0000000,0x00000000e0000000,0x00000000edb80000)
  from space 62464K, 70% used [0x00000000f1a80000,0x00000000f4583c58,0x00000000f5780000)
  to   space 64512K, 0% used [0x00000000edb80000,0x00000000edb80000,0x00000000f1a80000)
 ParOldGen       total 204288K, used 133003K [0x00000000a0000000, 0x00000000ac780000, 0x00000000e0000000)
  object space 204288K, 65% used [0x00000000a0000000,0x00000000a81e2f70,0x00000000ac780000)
 Metaspace       used 107642K, capacity 119756K, committed 120024K, reserved 1153024K
  class space    used 13663K, capacity 16619K, committed 16640K, reserved 1048576K
}
Event: 14183.321 GC heap before
{Heap before GC invocations=73 (full 4):
 PSYoungGen      total 287232K, used 268618K [0x00000000e0000000, 0x00000000f5d00000, 0x0000000100000000)
  eden space 224768K, 99% used [0x00000000e0000000,0x00000000edb4ed90,0x00000000edb80000)
  from space 62464K, 70% used [0x00000000f1a80000,0x00000000f4583c58,0x00000000f5780000)
  to   space 64512K, 0% used [0x00000000edb80000,0x00000000edb80000,0x00000000f1a80000)
 ParOldGen       total 204288K, used 133003K [0x00000000a0000000, 0x00000000ac780000, 0x00000000e0000000)
  object space 204288K, 65% used [0x00000000a0000000,0x00000000a81e2f70,0x00000000ac780000)
 Metaspace       used 107711K, capacity 119846K, committed 120024K, reserved 1153024K
  class space    used 13675K, capacity 16636K, committed 16640K, reserved 1048576K
Event: 14183.370 GC heap after
Heap after GC invocations=73 (full 4):
 PSYoungGen      total 289280K, used 46190K [0x00000000e0000000, 0x00000000f8180000, 0x0000000100000000)
  eden space 224768K, 0% used [0x00000000e0000000,0x00000000e0000000,0x00000000edb80000)
  from space 64512K, 71% used [0x00000000edb80000,0x00000000f089bae8,0x00000000f1a80000)
  to   space 67072K, 0% used [0x00000000f4000000,0x00000000f4000000,0x00000000f8180000)
 ParOldGen       total 204288K, used 133182K [0x00000000a0000000, 0x00000000ac780000, 0x00000000e0000000)
  object space 204288K, 65% used [0x00000000a0000000,0x00000000a820f868,0x00000000ac780000)
 Metaspace       used 107711K, capacity 119846K, committed 120024K, reserved 1153024K
  class space    used 13675K, capacity 16636K, committed 16640K, reserved 1048576K
}
Event: 14666.992 GC heap before
{Heap before GC invocations=74 (full 4):
 PSYoungGen      total 289280K, used 270958K [0x00000000e0000000, 0x00000000f8180000, 0x0000000100000000)
  eden space 224768K, 100% used [0x00000000e0000000,0x00000000edb80000,0x00000000edb80000)
  from space 64512K, 71% used [0x00000000edb80000,0x00000000f089bae8,0x00000000f1a80000)
  to   space 67072K, 0% used [0x00000000f4000000,0x00000000f4000000,0x00000000f8180000)
 ParOldGen       total 204288K, used 133182K [0x00000000a0000000, 0x00000000ac780000, 0x00000000e0000000)
  object space 204288K, 65% used [0x00000000a0000000,0x00000000a820f868,0x00000000ac780000)
 Metaspace       used 107786K, capacity 120016K, committed 120152K, reserved 1153024K
  class space    used 13690K, capacity 16683K, committed 16768K, reserved 1048576K
Event: 14667.043 GC heap after
Heap after GC invocations=74 (full 4):
 PSYoungGen      total 322560K, used 41496K [0x00000000e0000000, 0x00000000f7f00000, 0x0000000100000000)
  eden space 258048K, 0% used [0x00000000e0000000,0x00000000e0000000,0x00000000efc00000)
  from space 64512K, 64% used [0x00000000f4000000,0x00000000f6886178,0x00000000f7f00000)
  to   space 67072K, 0% used [0x00000000efc00000,0x00000000efc00000,0x00000000f3d80000)
 ParOldGen       total 204288K, used 139538K [0x00000000a0000000, 0x00000000ac780000, 0x00000000e0000000)
  object space 204288K, 68% used [0x00000000a0000000,0x00000000a8844930,0x00000000ac780000)
 Metaspace       used 107786K, capacity 120016K, committed 120152K, reserved 1153024K
  class space    used 13690K, capacity 16683K, committed 16768K, reserved 1048576K
}
Event: 14670.761 GC heap before
{Heap before GC invocations=75 (full 4):
 PSYoungGen      total 322560K, used 299544K [0x00000000e0000000, 0x00000000f7f00000, 0x0000000100000000)
  eden space 258048K, 100% used [0x00000000e0000000,0x00000000efc00000,0x00000000efc00000)
  from space 64512K, 64% used [0x00000000f4000000,0x00000000f6886178,0x00000000f7f00000)
  to   space 67072K, 0% used [0x00000000efc00000,0x00000000efc00000,0x00000000f3d80000)
 ParOldGen       total 204288K, used 139538K [0x00000000a0000000, 0x00000000ac780000, 0x00000000e0000000)
  object space 204288K, 68% used [0x00000000a0000000,0x00000000a8844930,0x00000000ac780000)
 Metaspace       used 107849K, capacity 120084K, committed 120408K, reserved 1153024K
  class space    used 13690K, capacity 16683K, committed 16768K, reserved 1048576K
Event: 14670.835 GC heap after
Heap after GC invocations=75 (full 4):
 PSYoungGen      total 325120K, used 49488K [0x00000000e0000000, 0x00000000fa800000, 0x0000000100000000)
  eden space 258048K, 0% used [0x00000000e0000000,0x00000000e0000000,0x00000000efc00000)
  from space 67072K, 73% used [0x00000000efc00000,0x00000000f2c54070,0x00000000f3d80000)
  to   space 69632K, 0% used [0x00000000f6400000,0x00000000f6400000,0x00000000fa800000)
 ParOldGen       total 204288K, used 140458K [0x00000000a0000000, 0x00000000ac780000, 0x00000000e0000000)
  object space 204288K, 68% used [0x00000000a0000000,0x00000000a892a9d0,0x00000000ac780000)
 Metaspace       used 107849K, capacity 120084K, committed 120408K, reserved 1153024K
  class space    used 13690K, capacity 16683K, committed 16768K, reserved 1048576K
}
Event: 14671.809 GC heap before
{Heap before GC invocations=76 (full 4):
 PSYoungGen      total 325120K, used 307064K [0x00000000e0000000, 0x00000000fa800000, 0x0000000100000000)
  eden space 258048K, 99% used [0x00000000e0000000,0x00000000efb8a100,0x00000000efc00000)
  from space 67072K, 73% used [0x00000000efc00000,0x00000000f2c54070,0x00000000f3d80000)
  to   space 69632K, 0% used [0x00000000f6400000,0x00000000f6400000,0x00000000fa800000)
 ParOldGen       total 204288K, used 140458K [0x00000000a0000000, 0x00000000ac780000, 0x00000000e0000000)
  object space 204288K, 68% used [0x00000000a0000000,0x00000000a892a9d0,0x00000000ac780000)
 Metaspace       used 107871K, capacity 120120K, committed 120408K, reserved 1153024K
  class space    used 13694K, capacity 16689K, committed 16768K, reserved 1048576K
Event: 14671.860 GC heap after
Heap after GC invocations=76 (full 4):
 PSYoungGen      total 359424K, used 57241K [0x00000000e0000000, 0x00000000fb280000, 0x0000000100000000)
  eden space 289792K, 0% used [0x00000000e0000000,0x00000000e0000000,0x00000000f1b00000)
  from space 69632K, 82% used [0x00000000f6400000,0x00000000f9be6790,0x00000000fa800000)
  to   space 74752K, 0% used [0x00000000f1b00000,0x00000000f1b00000,0x00000000f6400000)
 ParOldGen       total 204288K, used 140706K [0x00000000a0000000, 0x00000000ac780000, 0x00000000e0000000)
  object space 204288K, 68% used [0x00000000a0000000,0x00000000a89689f0,0x00000000ac780000)
 Metaspace       used 107871K, capacity 120120K, committed 120408K, reserved 1153024K
  class space    used 13694K, capacity 16689K, committed 16768K, reserved 1048576K
}
Event: 14672.060 GC heap before
{Heap before GC invocations=77 (full 4):
 PSYoungGen      total 359424K, used 346717K [0x00000000e0000000, 0x00000000fb280000, 0x0000000100000000)
  eden space 289792K, 99% used [0x00000000e0000000,0x00000000f1ab0cb8,0x00000000f1b00000)
  from space 69632K, 82% used [0x00000000f6400000,0x00000000f9be6790,0x00000000fa800000)
  to   space 74752K, 0% used [0x00000000f1b00000,0x00000000f1b00000,0x00000000f6400000)
 ParOldGen       total 204288K, used 140706K [0x00000000a0000000, 0x00000000ac780000, 0x00000000e0000000)
  object space 204288K, 68% used [0x00000000a0000000,0x00000000a89689f0,0x00000000ac780000)
 Metaspace       used 107872K, capacity 120120K, committed 120408K, reserved 1153024K
  class space    used 13694K, capacity 16689K, committed 16768K, reserved 1048576K

